0 info it worked if it ends with ok
1 verbose cli [ 'C:\\Program Files\\nodejs\\node.exe',
1 verbose cli   'C:\\Program Files\\nodejs\\node_modules\\npm\\bin\\npm-cli.js',
1 verbose cli   'start' ]
2 info using npm@3.10.10
3 info using node@v6.10.2
4 verbose run-script [ 'prestart', 'start', 'poststart' ]
5 info lifecycle johnrapp.online@1.0.0~prestart: johnrapp.online@1.0.0
6 silly lifecycle johnrapp.online@1.0.0~prestart: no script for prestart, continuing
7 info lifecycle johnrapp.online@1.0.0~start: johnrapp.online@1.0.0
8 verbose lifecycle johnrapp.online@1.0.0~start: unsafe-perm in lifecycle true
9 verbose lifecycle johnrapp.online@1.0.0~start: PATH: C:\Program Files\nodejs\node_modules\npm\bin\node-gyp-bin;C:\Users\John\Documents\GitHub\johnrapp.online\node_modules\.bin;C:\Users\John\bin;C:\Program Files\Git\mingw64\bin;C:\Program Files\Git\usr\local\bin;C:\Program Files\Git\usr\bin;C:\Program Files\Git\usr\bin;C:\Program Files\Git\mingw64\bin;C:\Program Files\Git\usr\bin;C:\Users\John\bin;C:\Program Files\Docker\Docker\Resources\bin;C:\ProgramData\Oracle\Java\javapath;C:\WINDOWS\system32;C:\WINDOWS;C:\WINDOWS\System32\Wbem;C:\WINDOWS\System32\WindowsPowerShell\v1.0;C:\Program Files\Git\cmd;C:\HashiCorp\Vagrant\bin;C:\PHP;C:\ProgramData\ComposerSetup\bin;C:\Program Files\nodejs;C:\Program Files (x86)\Yarn\bin;C:\Users\John\AppData\Local\Microsoft\WindowsApps;C:\Users\John\AppData\Local\atom\bin;C:\Program Files (x86)\Microsoft VS Code\bin;C:\Users\John\AppData\Roaming\Composer\vendor\bin;C:\Program Files\Sublime Text 3;C:\Users\John\AppData\Roaming\npm;C:\Users\John\AppData\Local\Microsoft\WindowsApps;C:\Users\John\AppData\Local\Yarn\bin;C:\Program Files\Git\usr\bin\vendor_perl;C:\Program Files\Git\usr\bin\core_perl
10 verbose lifecycle johnrapp.online@1.0.0~start: CWD: C:\Users\John\Documents\GitHub\johnrapp.online
11 silly lifecycle johnrapp.online@1.0.0~start: Args: [ '/d /s /c', 'docker-compose up --build' ]
12 silly lifecycle johnrapp.online@1.0.0~start: Returned: code: 4294967295  signal: null
13 info lifecycle johnrapp.online@1.0.0~start: Failed to exec start script
14 verbose stack Error: johnrapp.online@1.0.0 start: `docker-compose up --build`
14 verbose stack Exit status 4294967295
14 verbose stack     at EventEmitter.<anonymous> (C:\Program Files\nodejs\node_modules\npm\lib\utils\lifecycle.js:255:16)
14 verbose stack     at emitTwo (events.js:106:13)
14 verbose stack     at EventEmitter.emit (events.js:191:7)
14 verbose stack     at ChildProcess.<anonymous> (C:\Program Files\nodejs\node_modules\npm\lib\utils\spawn.js:40:14)
14 verbose stack     at emitTwo (events.js:106:13)
14 verbose stack     at ChildProcess.emit (events.js:191:7)
14 verbose stack     at maybeClose (internal/child_process.js:886:16)
14 verbose stack     at Process.ChildProcess._handle.onexit (internal/child_process.js:226:5)
15 verbose pkgid johnrapp.online@1.0.0
16 verbose cwd C:\Users\John\Documents\GitHub\johnrapp.online
17 error Windows_NT 10.0.15063
18 error argv "C:\\Program Files\\nodejs\\node.exe" "C:\\Program Files\\nodejs\\node_modules\\npm\\bin\\npm-cli.js" "start"
19 error node v6.10.2
20 error npm  v3.10.10
21 error code ELIFECYCLE
22 error johnrapp.online@1.0.0 start: `docker-compose up --build`
22 error Exit status 4294967295
23 error Failed at the johnrapp.online@1.0.0 start script 'docker-compose up --build'.
23 error Make sure you have the latest version of node.js and npm installed.
23 error If you do, this is most likely a problem with the johnrapp.online package,
23 error not with npm itself.
23 error Tell the author that this fails on your system:
23 error     docker-compose up --build
23 error You can get information on how to open an issue for this project with:
23 error     npm bugs johnrapp.online
23 error Or if that isn't available, you can get their info via:
23 error     npm owner ls johnrapp.online
23 error There is likely additional logging output above.
24 verbose exit [ 1, true ]
